<!DOCTYPE html PUBLIC "-//W3C//DTD XHTML 1.1//EN" "http://www.w3.org/TR/xhtml11/DTD/xhtml11.dtd">
<html xmlns="http://www.w3.org/1999/xhtml"><head><title>TestNG Report</title><style type="text/css">table {margin-bottom:10px;border-collapse:collapse;empty-cells:show}th,td {border:1px solid #009;padding:.25em .5em}th {vertical-align:bottom}td {vertical-align:top}table a {font-weight:bold}.stripe td {background-color: #E6EBF9}.num {text-align:right}.passedodd td {background-color: #3F3}.passedeven td {background-color: #0A0}.skippedodd td {background-color: #DDD}.skippedeven td {background-color: #CCC}.failedodd td,.attn {background-color: #F33}.failedeven td,.stripe .attn {background-color: #D00}.stacktrace {white-space:pre;font-family:monospace}.totop {font-size:85%;text-align:center;border-bottom:2px solid #000}</style></head><body><table><tr><th>Test</th><th># Passed</th><th># Skipped</th><th># Failed</th><th>Time (ms)</th><th>Included Groups</th><th>Excluded Groups</th></tr><tr><th colspan="7">Default suite</th></tr><tr><td><a href="#t0">Default test</a></td><td class="num">0</td><td class="num">0</td><td class="num attn">18</td><td class="num">49</td><td></td><td></td></tr></table><table><thead><tr><th>Class</th><th>Method</th><th>Start</th><th>Time (ms)</th></tr></thead><tbody><tr><th colspan="4">Default suite</th></tr></tbody><tbody id="t0"><tr><th colspan="4">Default test &#8212; failed</th></tr><tr class="failedeven"><td rowspan="18">controller.UpdatingControllersTests</td><td><a href="#m0">checkUpdatingFormula</a></td><td rowspan="8">1439078017809</td><td rowspan="8">0</td></tr><tr class="failedeven"><td><a href="#m1">checkUpdatingFormula</a></td></tr><tr class="failedeven"><td><a href="#m2">checkUpdatingFormula</a></td></tr><tr class="failedeven"><td><a href="#m3">checkUpdatingFormula</a></td></tr><tr class="failedeven"><td><a href="#m4">checkUpdatingFormula</a></td></tr><tr class="failedeven"><td><a href="#m5">checkUpdatingFormula</a></td></tr><tr class="failedeven"><td><a href="#m6">checkUpdatingFormula</a></td></tr><tr class="failedeven"><td><a href="#m7">checkUpdatingFormula</a></td></tr><tr class="failedeven"><td><a href="#m8">environmentTest</a></td><td rowspan="9">1439078017828</td><td rowspan="9">1</td></tr><tr class="failedeven"><td><a href="#m9">environmentTest</a></td></tr><tr class="failedeven"><td><a href="#m10">environmentTest</a></td></tr><tr class="failedeven"><td><a href="#m11">environmentTest</a></td></tr><tr class="failedeven"><td><a href="#m12">environmentTest</a></td></tr><tr class="failedeven"><td><a href="#m13">environmentTest</a></td></tr><tr class="failedeven"><td><a href="#m14">environmentTest</a></td></tr><tr class="failedeven"><td><a href="#m15">environmentTest</a></td></tr><tr class="failedeven"><td><a href="#m16">environmentTest</a></td></tr><tr class="failedeven"><td><a href="#m17">graphGenerator_producesCorrectGraph</a></td><td rowspan="1">1439078017833</td><td rowspan="1">1</td></tr></tbody></table><h2>Default test</h2><h3 id="m0">controller.UpdatingControllersTests#checkUpdatingFormula</h3><table class="result"><tr class="param"><th>Parameter #1</th></tr><tr class="param stripe"><td>/ltsa/dist/examples/ControllerUpdate/Tests/removing_actions_test</td></tr><tr><th>Exception</th></tr><tr><td><div class="stacktrace">java.io.FileNotFoundException: /home/lnahabedian/mtsa-code/MTSATests/ltsa/dist/examples/ControllerUpdate/Tests/removing_actions_test.lts (No such file or directory)
	at java.io.FileInputStream.open(Native Method)
	at java.io.FileInputStream.&lt;init&gt;(FileInputStream.java:146)
	at ui.FileInput.&lt;init&gt;(FileInput.java:19)
	at ac.ic.doc.mtsa.MTSCompiler.compileCompositeState(MTSCompiler.java:37)
	at controller.UpdatingControllersTests.checkUpdatingFormula(UpdatingControllersTests.java:113)
	at sun.reflect.NativeMethodAccessorImpl.invoke0(Native Method)
	at sun.reflect.NativeMethodAccessorImpl.invoke(NativeMethodAccessorImpl.java:57)
	at sun.reflect.DelegatingMethodAccessorImpl.invoke(DelegatingMethodAccessorImpl.java:43)
	at java.lang.reflect.Method.invoke(Method.java:606)
	at org.testng.internal.MethodInvocationHelper.invokeMethod(MethodInvocationHelper.java:84)
	at org.testng.internal.Invoker.invokeMethod(Invoker.java:714)
	at org.testng.internal.Invoker.invokeTestMethod(Invoker.java:901)
	at org.testng.internal.Invoker.invokeTestMethods(Invoker.java:1231)
	at org.testng.internal.TestMethodWorker.invokeTestMethods(TestMethodWorker.java:127)
	at org.testng.internal.TestMethodWorker.run(TestMethodWorker.java:111)
	at org.testng.TestRunner.privateRun(TestRunner.java:767)
	at org.testng.TestRunner.run(TestRunner.java:617)
	at org.testng.SuiteRunner.runTest(SuiteRunner.java:334)
	at org.testng.SuiteRunner.runSequentially(SuiteRunner.java:329)
	at org.testng.SuiteRunner.privateRun(SuiteRunner.java:291)
	at org.testng.SuiteRunner.run(SuiteRunner.java:240)
	at org.testng.SuiteRunnerWorker.runSuite(SuiteRunnerWorker.java:52)
	at org.testng.SuiteRunnerWorker.run(SuiteRunnerWorker.java:86)
	at org.testng.TestNG.runSuitesSequentially(TestNG.java:1224)
	at org.testng.TestNG.runSuitesLocally(TestNG.java:1149)
	at org.testng.TestNG.run(TestNG.java:1057)
	at org.testng.remote.RemoteTestNG.run(RemoteTestNG.java:111)
	at org.testng.remote.RemoteTestNG.initAndRun(RemoteTestNG.java:204)
	at org.testng.remote.RemoteTestNG.main(RemoteTestNG.java:175)
</div></td></tr></table><p class="totop"><a href="#summary">back to summary</a></p><h3 id="m1">controller.UpdatingControllersTests#checkUpdatingFormula</h3><table class="result"><tr class="param"><th>Parameter #1</th></tr><tr class="param stripe"><td>/ltsa/dist/examples/ControllerUpdate/Ghezzi/2015-FSE-Railcab-Ghezzi2012</td></tr><tr><th>Exception</th></tr><tr><td><div class="stacktrace">java.io.FileNotFoundException: /home/lnahabedian/mtsa-code/MTSATests/ltsa/dist/examples/ControllerUpdate/Ghezzi/2015-FSE-Railcab-Ghezzi2012.lts (No such file or directory)
	at java.io.FileInputStream.open(Native Method)
	at java.io.FileInputStream.&lt;init&gt;(FileInputStream.java:146)
	at ui.FileInput.&lt;init&gt;(FileInput.java:19)
	at ac.ic.doc.mtsa.MTSCompiler.compileCompositeState(MTSCompiler.java:37)
	at controller.UpdatingControllersTests.checkUpdatingFormula(UpdatingControllersTests.java:113)
	at sun.reflect.NativeMethodAccessorImpl.invoke0(Native Method)
	at sun.reflect.NativeMethodAccessorImpl.invoke(NativeMethodAccessorImpl.java:57)
	at sun.reflect.DelegatingMethodAccessorImpl.invoke(DelegatingMethodAccessorImpl.java:43)
	at java.lang.reflect.Method.invoke(Method.java:606)
	at org.testng.internal.MethodInvocationHelper.invokeMethod(MethodInvocationHelper.java:84)
	at org.testng.internal.Invoker.invokeMethod(Invoker.java:714)
	at org.testng.internal.Invoker.invokeTestMethod(Invoker.java:901)
	at org.testng.internal.Invoker.invokeTestMethods(Invoker.java:1231)
	at org.testng.internal.TestMethodWorker.invokeTestMethods(TestMethodWorker.java:127)
	at org.testng.internal.TestMethodWorker.run(TestMethodWorker.java:111)
	at org.testng.TestRunner.privateRun(TestRunner.java:767)
	at org.testng.TestRunner.run(TestRunner.java:617)
	at org.testng.SuiteRunner.runTest(SuiteRunner.java:334)
	at org.testng.SuiteRunner.runSequentially(SuiteRunner.java:329)
	at org.testng.SuiteRunner.privateRun(SuiteRunner.java:291)
	at org.testng.SuiteRunner.run(SuiteRunner.java:240)
	at org.testng.SuiteRunnerWorker.runSuite(SuiteRunnerWorker.java:52)
	at org.testng.SuiteRunnerWorker.run(SuiteRunnerWorker.java:86)
	at org.testng.TestNG.runSuitesSequentially(TestNG.java:1224)
	at org.testng.TestNG.runSuitesLocally(TestNG.java:1149)
	at org.testng.TestNG.run(TestNG.java:1057)
	at org.testng.remote.RemoteTestNG.run(RemoteTestNG.java:111)
	at org.testng.remote.RemoteTestNG.initAndRun(RemoteTestNG.java:204)
	at org.testng.remote.RemoteTestNG.main(RemoteTestNG.java:175)
</div></td></tr></table><p class="totop"><a href="#summary">back to summary</a></p><h3 id="m2">controller.UpdatingControllersTests#checkUpdatingFormula</h3><table class="result"><tr class="param"><th>Parameter #1</th></tr><tr class="param stripe"><td>/ltsa/dist/examples/ControllerUpdate/Ghezzi/2015-FSE-PowerPlant-Ghezzi2013</td></tr><tr><th>Exception</th></tr><tr><td><div class="stacktrace">java.io.FileNotFoundException: /home/lnahabedian/mtsa-code/MTSATests/ltsa/dist/examples/ControllerUpdate/Ghezzi/2015-FSE-PowerPlant-Ghezzi2013.lts (No such file or directory)
	at java.io.FileInputStream.open(Native Method)
	at java.io.FileInputStream.&lt;init&gt;(FileInputStream.java:146)
	at ui.FileInput.&lt;init&gt;(FileInput.java:19)
	at ac.ic.doc.mtsa.MTSCompiler.compileCompositeState(MTSCompiler.java:37)
	at controller.UpdatingControllersTests.checkUpdatingFormula(UpdatingControllersTests.java:113)
	at sun.reflect.NativeMethodAccessorImpl.invoke0(Native Method)
	at sun.reflect.NativeMethodAccessorImpl.invoke(NativeMethodAccessorImpl.java:57)
	at sun.reflect.DelegatingMethodAccessorImpl.invoke(DelegatingMethodAccessorImpl.java:43)
	at java.lang.reflect.Method.invoke(Method.java:606)
	at org.testng.internal.MethodInvocationHelper.invokeMethod(MethodInvocationHelper.java:84)
	at org.testng.internal.Invoker.invokeMethod(Invoker.java:714)
	at org.testng.internal.Invoker.invokeTestMethod(Invoker.java:901)
	at org.testng.internal.Invoker.invokeTestMethods(Invoker.java:1231)
	at org.testng.internal.TestMethodWorker.invokeTestMethods(TestMethodWorker.java:127)
	at org.testng.internal.TestMethodWorker.run(TestMethodWorker.java:111)
	at org.testng.TestRunner.privateRun(TestRunner.java:767)
	at org.testng.TestRunner.run(TestRunner.java:617)
	at org.testng.SuiteRunner.runTest(SuiteRunner.java:334)
	at org.testng.SuiteRunner.runSequentially(SuiteRunner.java:329)
	at org.testng.SuiteRunner.privateRun(SuiteRunner.java:291)
	at org.testng.SuiteRunner.run(SuiteRunner.java:240)
	at org.testng.SuiteRunnerWorker.runSuite(SuiteRunnerWorker.java:52)
	at org.testng.SuiteRunnerWorker.run(SuiteRunnerWorker.java:86)
	at org.testng.TestNG.runSuitesSequentially(TestNG.java:1224)
	at org.testng.TestNG.runSuitesLocally(TestNG.java:1149)
	at org.testng.TestNG.run(TestNG.java:1057)
	at org.testng.remote.RemoteTestNG.run(RemoteTestNG.java:111)
	at org.testng.remote.RemoteTestNG.initAndRun(RemoteTestNG.java:204)
	at org.testng.remote.RemoteTestNG.main(RemoteTestNG.java:175)
</div></td></tr></table><p class="totop"><a href="#summary">back to summary</a></p><h3 id="m3">controller.UpdatingControllersTests#checkUpdatingFormula</h3><table class="result"><tr class="param"><th>Parameter #1</th></tr><tr class="param stripe"><td>/ltsa/dist/examples/ControllerUpdate/Tests/UAV_test</td></tr><tr><th>Exception</th></tr><tr><td><div class="stacktrace">java.io.FileNotFoundException: /home/lnahabedian/mtsa-code/MTSATests/ltsa/dist/examples/ControllerUpdate/Tests/UAV_test.lts (No such file or directory)
	at java.io.FileInputStream.open(Native Method)
	at java.io.FileInputStream.&lt;init&gt;(FileInputStream.java:146)
	at ui.FileInput.&lt;init&gt;(FileInput.java:19)
	at ac.ic.doc.mtsa.MTSCompiler.compileCompositeState(MTSCompiler.java:37)
	at controller.UpdatingControllersTests.checkUpdatingFormula(UpdatingControllersTests.java:113)
	at sun.reflect.NativeMethodAccessorImpl.invoke0(Native Method)
	at sun.reflect.NativeMethodAccessorImpl.invoke(NativeMethodAccessorImpl.java:57)
	at sun.reflect.DelegatingMethodAccessorImpl.invoke(DelegatingMethodAccessorImpl.java:43)
	at java.lang.reflect.Method.invoke(Method.java:606)
	at org.testng.internal.MethodInvocationHelper.invokeMethod(MethodInvocationHelper.java:84)
	at org.testng.internal.Invoker.invokeMethod(Invoker.java:714)
	at org.testng.internal.Invoker.invokeTestMethod(Invoker.java:901)
	at org.testng.internal.Invoker.invokeTestMethods(Invoker.java:1231)
	at org.testng.internal.TestMethodWorker.invokeTestMethods(TestMethodWorker.java:127)
	at org.testng.internal.TestMethodWorker.run(TestMethodWorker.java:111)
	at org.testng.TestRunner.privateRun(TestRunner.java:767)
	at org.testng.TestRunner.run(TestRunner.java:617)
	at org.testng.SuiteRunner.runTest(SuiteRunner.java:334)
	at org.testng.SuiteRunner.runSequentially(SuiteRunner.java:329)
	at org.testng.SuiteRunner.privateRun(SuiteRunner.java:291)
	at org.testng.SuiteRunner.run(SuiteRunner.java:240)
	at org.testng.SuiteRunnerWorker.runSuite(SuiteRunnerWorker.java:52)
	at org.testng.SuiteRunnerWorker.run(SuiteRunnerWorker.java:86)
	at org.testng.TestNG.runSuitesSequentially(TestNG.java:1224)
	at org.testng.TestNG.runSuitesLocally(TestNG.java:1149)
	at org.testng.TestNG.run(TestNG.java:1057)
	at org.testng.remote.RemoteTestNG.run(RemoteTestNG.java:111)
	at org.testng.remote.RemoteTestNG.initAndRun(RemoteTestNG.java:204)
	at org.testng.remote.RemoteTestNG.main(RemoteTestNG.java:175)
</div></td></tr></table><p class="totop"><a href="#summary">back to summary</a></p><h3 id="m4">controller.UpdatingControllersTests#checkUpdatingFormula</h3><table class="result"><tr class="param"><th>Parameter #1</th></tr><tr class="param stripe"><td>/ltsa/dist/examples/ControllerUpdate/2015-Tokyo/colorBallsTransfer</td></tr><tr><th>Exception</th></tr><tr><td><div class="stacktrace">java.io.FileNotFoundException: /home/lnahabedian/mtsa-code/MTSATests/ltsa/dist/examples/ControllerUpdate/2015-Tokyo/colorBallsTransfer.lts (No such file or directory)
	at java.io.FileInputStream.open(Native Method)
	at java.io.FileInputStream.&lt;init&gt;(FileInputStream.java:146)
	at ui.FileInput.&lt;init&gt;(FileInput.java:19)
	at ac.ic.doc.mtsa.MTSCompiler.compileCompositeState(MTSCompiler.java:37)
	at controller.UpdatingControllersTests.checkUpdatingFormula(UpdatingControllersTests.java:113)
	at sun.reflect.NativeMethodAccessorImpl.invoke0(Native Method)
	at sun.reflect.NativeMethodAccessorImpl.invoke(NativeMethodAccessorImpl.java:57)
	at sun.reflect.DelegatingMethodAccessorImpl.invoke(DelegatingMethodAccessorImpl.java:43)
	at java.lang.reflect.Method.invoke(Method.java:606)
	at org.testng.internal.MethodInvocationHelper.invokeMethod(MethodInvocationHelper.java:84)
	at org.testng.internal.Invoker.invokeMethod(Invoker.java:714)
	at org.testng.internal.Invoker.invokeTestMethod(Invoker.java:901)
	at org.testng.internal.Invoker.invokeTestMethods(Invoker.java:1231)
	at org.testng.internal.TestMethodWorker.invokeTestMethods(TestMethodWorker.java:127)
	at org.testng.internal.TestMethodWorker.run(TestMethodWorker.java:111)
	at org.testng.TestRunner.privateRun(TestRunner.java:767)
	at org.testng.TestRunner.run(TestRunner.java:617)
	at org.testng.SuiteRunner.runTest(SuiteRunner.java:334)
	at org.testng.SuiteRunner.runSequentially(SuiteRunner.java:329)
	at org.testng.SuiteRunner.privateRun(SuiteRunner.java:291)
	at org.testng.SuiteRunner.run(SuiteRunner.java:240)
	at org.testng.SuiteRunnerWorker.runSuite(SuiteRunnerWorker.java:52)
	at org.testng.SuiteRunnerWorker.run(SuiteRunnerWorker.java:86)
	at org.testng.TestNG.runSuitesSequentially(TestNG.java:1224)
	at org.testng.TestNG.runSuitesLocally(TestNG.java:1149)
	at org.testng.TestNG.run(TestNG.java:1057)
	at org.testng.remote.RemoteTestNG.run(RemoteTestNG.java:111)
	at org.testng.remote.RemoteTestNG.initAndRun(RemoteTestNG.java:204)
	at org.testng.remote.RemoteTestNG.main(RemoteTestNG.java:175)
</div></td></tr></table><p class="totop"><a href="#summary">back to summary</a></p><h3 id="m5">controller.UpdatingControllersTests#checkUpdatingFormula</h3><table class="result"><tr class="param"><th>Parameter #1</th></tr><tr class="param stripe"><td>/ltsa/dist/examples/ControllerUpdate/Tests/adding_actions_test</td></tr><tr><th>Exception</th></tr><tr><td><div class="stacktrace">java.io.FileNotFoundException: /home/lnahabedian/mtsa-code/MTSATests/ltsa/dist/examples/ControllerUpdate/Tests/adding_actions_test.lts (No such file or directory)
	at java.io.FileInputStream.open(Native Method)
	at java.io.FileInputStream.&lt;init&gt;(FileInputStream.java:146)
	at ui.FileInput.&lt;init&gt;(FileInput.java:19)
	at ac.ic.doc.mtsa.MTSCompiler.compileCompositeState(MTSCompiler.java:37)
	at controller.UpdatingControllersTests.checkUpdatingFormula(UpdatingControllersTests.java:113)
	at sun.reflect.NativeMethodAccessorImpl.invoke0(Native Method)
	at sun.reflect.NativeMethodAccessorImpl.invoke(NativeMethodAccessorImpl.java:57)
	at sun.reflect.DelegatingMethodAccessorImpl.invoke(DelegatingMethodAccessorImpl.java:43)
	at java.lang.reflect.Method.invoke(Method.java:606)
	at org.testng.internal.MethodInvocationHelper.invokeMethod(MethodInvocationHelper.java:84)
	at org.testng.internal.Invoker.invokeMethod(Invoker.java:714)
	at org.testng.internal.Invoker.invokeTestMethod(Invoker.java:901)
	at org.testng.internal.Invoker.invokeTestMethods(Invoker.java:1231)
	at org.testng.internal.TestMethodWorker.invokeTestMethods(TestMethodWorker.java:127)
	at org.testng.internal.TestMethodWorker.run(TestMethodWorker.java:111)
	at org.testng.TestRunner.privateRun(TestRunner.java:767)
	at org.testng.TestRunner.run(TestRunner.java:617)
	at org.testng.SuiteRunner.runTest(SuiteRunner.java:334)
	at org.testng.SuiteRunner.runSequentially(SuiteRunner.java:329)
	at org.testng.SuiteRunner.privateRun(SuiteRunner.java:291)
	at org.testng.SuiteRunner.run(SuiteRunner.java:240)
	at org.testng.SuiteRunnerWorker.runSuite(SuiteRunnerWorker.java:52)
	at org.testng.SuiteRunnerWorker.run(SuiteRunnerWorker.java:86)
	at org.testng.TestNG.runSuitesSequentially(TestNG.java:1224)
	at org.testng.TestNG.runSuitesLocally(TestNG.java:1149)
	at org.testng.TestNG.run(TestNG.java:1057)
	at org.testng.remote.RemoteTestNG.run(RemoteTestNG.java:111)
	at org.testng.remote.RemoteTestNG.initAndRun(RemoteTestNG.java:204)
	at org.testng.remote.RemoteTestNG.main(RemoteTestNG.java:175)
</div></td></tr></table><p class="totop"><a href="#summary">back to summary</a></p><h3 id="m6">controller.UpdatingControllersTests#checkUpdatingFormula</h3><table class="result"><tr class="param"><th>Parameter #1</th></tr><tr class="param stripe"><td>/ltsa/dist/examples/ControllerUpdate/Tests/productionCell_test</td></tr><tr><th>Exception</th></tr><tr><td><div class="stacktrace">java.io.FileNotFoundException: /home/lnahabedian/mtsa-code/MTSATests/ltsa/dist/examples/ControllerUpdate/Tests/productionCell_test.lts (No such file or directory)
	at java.io.FileInputStream.open(Native Method)
	at java.io.FileInputStream.&lt;init&gt;(FileInputStream.java:146)
	at ui.FileInput.&lt;init&gt;(FileInput.java:19)
	at ac.ic.doc.mtsa.MTSCompiler.compileCompositeState(MTSCompiler.java:37)
	at controller.UpdatingControllersTests.checkUpdatingFormula(UpdatingControllersTests.java:113)
	at sun.reflect.NativeMethodAccessorImpl.invoke0(Native Method)
	at sun.reflect.NativeMethodAccessorImpl.invoke(NativeMethodAccessorImpl.java:57)
	at sun.reflect.DelegatingMethodAccessorImpl.invoke(DelegatingMethodAccessorImpl.java:43)
	at java.lang.reflect.Method.invoke(Method.java:606)
	at org.testng.internal.MethodInvocationHelper.invokeMethod(MethodInvocationHelper.java:84)
	at org.testng.internal.Invoker.invokeMethod(Invoker.java:714)
	at org.testng.internal.Invoker.invokeTestMethod(Invoker.java:901)
	at org.testng.internal.Invoker.invokeTestMethods(Invoker.java:1231)
	at org.testng.internal.TestMethodWorker.invokeTestMethods(TestMethodWorker.java:127)
	at org.testng.internal.TestMethodWorker.run(TestMethodWorker.java:111)
	at org.testng.TestRunner.privateRun(TestRunner.java:767)
	at org.testng.TestRunner.run(TestRunner.java:617)
	at org.testng.SuiteRunner.runTest(SuiteRunner.java:334)
	at org.testng.SuiteRunner.runSequentially(SuiteRunner.java:329)
	at org.testng.SuiteRunner.privateRun(SuiteRunner.java:291)
	at org.testng.SuiteRunner.run(SuiteRunner.java:240)
	at org.testng.SuiteRunnerWorker.runSuite(SuiteRunnerWorker.java:52)
	at org.testng.SuiteRunnerWorker.run(SuiteRunnerWorker.java:86)
	at org.testng.TestNG.runSuitesSequentially(TestNG.java:1224)
	at org.testng.TestNG.runSuitesLocally(TestNG.java:1149)
	at org.testng.TestNG.run(TestNG.java:1057)
	at org.testng.remote.RemoteTestNG.run(RemoteTestNG.java:111)
	at org.testng.remote.RemoteTestNG.initAndRun(RemoteTestNG.java:204)
	at org.testng.remote.RemoteTestNG.main(RemoteTestNG.java:175)
</div></td></tr></table><p class="totop"><a href="#summary">back to summary</a></p><h3 id="m7">controller.UpdatingControllersTests#checkUpdatingFormula</h3><table class="result"><tr class="param"><th>Parameter #1</th></tr><tr class="param stripe"><td>/ltsa/dist/examples/ControllerUpdate/2015-FSE-Workflow</td></tr><tr><th>Exception</th></tr><tr><td><div class="stacktrace">java.io.FileNotFoundException: /home/lnahabedian/mtsa-code/MTSATests/ltsa/dist/examples/ControllerUpdate/2015-FSE-Workflow.lts (No such file or directory)
	at java.io.FileInputStream.open(Native Method)
	at java.io.FileInputStream.&lt;init&gt;(FileInputStream.java:146)
	at ui.FileInput.&lt;init&gt;(FileInput.java:19)
	at ac.ic.doc.mtsa.MTSCompiler.compileCompositeState(MTSCompiler.java:37)
	at controller.UpdatingControllersTests.checkUpdatingFormula(UpdatingControllersTests.java:113)
	at sun.reflect.NativeMethodAccessorImpl.invoke0(Native Method)
	at sun.reflect.NativeMethodAccessorImpl.invoke(NativeMethodAccessorImpl.java:57)
	at sun.reflect.DelegatingMethodAccessorImpl.invoke(DelegatingMethodAccessorImpl.java:43)
	at java.lang.reflect.Method.invoke(Method.java:606)
	at org.testng.internal.MethodInvocationHelper.invokeMethod(MethodInvocationHelper.java:84)
	at org.testng.internal.Invoker.invokeMethod(Invoker.java:714)
	at org.testng.internal.Invoker.invokeTestMethod(Invoker.java:901)
	at org.testng.internal.Invoker.invokeTestMethods(Invoker.java:1231)
	at org.testng.internal.TestMethodWorker.invokeTestMethods(TestMethodWorker.java:127)
	at org.testng.internal.TestMethodWorker.run(TestMethodWorker.java:111)
	at org.testng.TestRunner.privateRun(TestRunner.java:767)
	at org.testng.TestRunner.run(TestRunner.java:617)
	at org.testng.SuiteRunner.runTest(SuiteRunner.java:334)
	at org.testng.SuiteRunner.runSequentially(SuiteRunner.java:329)
	at org.testng.SuiteRunner.privateRun(SuiteRunner.java:291)
	at org.testng.SuiteRunner.run(SuiteRunner.java:240)
	at org.testng.SuiteRunnerWorker.runSuite(SuiteRunnerWorker.java:52)
	at org.testng.SuiteRunnerWorker.run(SuiteRunnerWorker.java:86)
	at org.testng.TestNG.runSuitesSequentially(TestNG.java:1224)
	at org.testng.TestNG.runSuitesLocally(TestNG.java:1149)
	at org.testng.TestNG.run(TestNG.java:1057)
	at org.testng.remote.RemoteTestNG.run(RemoteTestNG.java:111)
	at org.testng.remote.RemoteTestNG.initAndRun(RemoteTestNG.java:204)
	at org.testng.remote.RemoteTestNG.main(RemoteTestNG.java:175)
</div></td></tr></table><p class="totop"><a href="#summary">back to summary</a></p><h3 id="m8">controller.UpdatingControllersTests#environmentTest</h3><table class="result"><tr class="param"><th>Parameter #1</th></tr><tr class="param stripe"><td>/ltsa/dist/examples/ControllerUpdate/Ghezzi/2015-FSE-Railcab-Ghezzi2012</td></tr><tr><th>Exception</th></tr><tr><td><div class="stacktrace">java.io.FileNotFoundException: /home/lnahabedian/mtsa-code/MTSATests/ltsa/dist/examples/ControllerUpdate/Ghezzi/2015-FSE-Railcab-Ghezzi2012_env.lts (No such file or directory)
	at java.io.FileInputStream.open(Native Method)
	at java.io.FileInputStream.&lt;init&gt;(FileInputStream.java:146)
	at ui.FileInput.&lt;init&gt;(FileInput.java:19)
	at ac.ic.doc.mtsa.MTSCompiler.compileCompositeState(MTSCompiler.java:37)
	at ac.ic.doc.mtsa.MTSCompiler.compileMTS(MTSCompiler.java:27)
	at controller.UpdatingControllersTests.environmentTest(UpdatingControllersTests.java:61)
	at sun.reflect.NativeMethodAccessorImpl.invoke0(Native Method)
	at sun.reflect.NativeMethodAccessorImpl.invoke(NativeMethodAccessorImpl.java:57)
	at sun.reflect.DelegatingMethodAccessorImpl.invoke(DelegatingMethodAccessorImpl.java:43)
	at java.lang.reflect.Method.invoke(Method.java:606)
	at org.testng.internal.MethodInvocationHelper.invokeMethod(MethodInvocationHelper.java:84)
	at org.testng.internal.Invoker.invokeMethod(Invoker.java:714)
	at org.testng.internal.Invoker.invokeTestMethod(Invoker.java:901)
	at org.testng.internal.Invoker.invokeTestMethods(Invoker.java:1231)
	at org.testng.internal.TestMethodWorker.invokeTestMethods(TestMethodWorker.java:127)
	at org.testng.internal.TestMethodWorker.run(TestMethodWorker.java:111)
	at org.testng.TestRunner.privateRun(TestRunner.java:767)
	at org.testng.TestRunner.run(TestRunner.java:617)
	at org.testng.SuiteRunner.runTest(SuiteRunner.java:334)
	at org.testng.SuiteRunner.runSequentially(SuiteRunner.java:329)
	at org.testng.SuiteRunner.privateRun(SuiteRunner.java:291)
	at org.testng.SuiteRunner.run(SuiteRunner.java:240)
	at org.testng.SuiteRunnerWorker.runSuite(SuiteRunnerWorker.java:52)
	at org.testng.SuiteRunnerWorker.run(SuiteRunnerWorker.java:86)
	at org.testng.TestNG.runSuitesSequentially(TestNG.java:1224)
	at org.testng.TestNG.runSuitesLocally(TestNG.java:1149)
	at org.testng.TestNG.run(TestNG.java:1057)
	at org.testng.remote.RemoteTestNG.run(RemoteTestNG.java:111)
	at org.testng.remote.RemoteTestNG.initAndRun(RemoteTestNG.java:204)
	at org.testng.remote.RemoteTestNG.main(RemoteTestNG.java:175)
</div></td></tr></table><p class="totop"><a href="#summary">back to summary</a></p><h3 id="m9">controller.UpdatingControllersTests#environmentTest</h3><table class="result"><tr class="param"><th>Parameter #1</th></tr><tr class="param stripe"><td>/ltsa/dist/examples/ControllerUpdate/2015-FSE-ProductionCell</td></tr><tr><th>Exception</th></tr><tr><td><div class="stacktrace">java.io.FileNotFoundException: /home/lnahabedian/mtsa-code/MTSATests/ltsa/dist/examples/ControllerUpdate/2015-FSE-ProductionCell_env.lts (No such file or directory)
	at java.io.FileInputStream.open(Native Method)
	at java.io.FileInputStream.&lt;init&gt;(FileInputStream.java:146)
	at ui.FileInput.&lt;init&gt;(FileInput.java:19)
	at ac.ic.doc.mtsa.MTSCompiler.compileCompositeState(MTSCompiler.java:37)
	at ac.ic.doc.mtsa.MTSCompiler.compileMTS(MTSCompiler.java:27)
	at controller.UpdatingControllersTests.environmentTest(UpdatingControllersTests.java:61)
	at sun.reflect.NativeMethodAccessorImpl.invoke0(Native Method)
	at sun.reflect.NativeMethodAccessorImpl.invoke(NativeMethodAccessorImpl.java:57)
	at sun.reflect.DelegatingMethodAccessorImpl.invoke(DelegatingMethodAccessorImpl.java:43)
	at java.lang.reflect.Method.invoke(Method.java:606)
	at org.testng.internal.MethodInvocationHelper.invokeMethod(MethodInvocationHelper.java:84)
	at org.testng.internal.Invoker.invokeMethod(Invoker.java:714)
	at org.testng.internal.Invoker.invokeTestMethod(Invoker.java:901)
	at org.testng.internal.Invoker.invokeTestMethods(Invoker.java:1231)
	at org.testng.internal.TestMethodWorker.invokeTestMethods(TestMethodWorker.java:127)
	at org.testng.internal.TestMethodWorker.run(TestMethodWorker.java:111)
	at org.testng.TestRunner.privateRun(TestRunner.java:767)
	at org.testng.TestRunner.run(TestRunner.java:617)
	at org.testng.SuiteRunner.runTest(SuiteRunner.java:334)
	at org.testng.SuiteRunner.runSequentially(SuiteRunner.java:329)
	at org.testng.SuiteRunner.privateRun(SuiteRunner.java:291)
	at org.testng.SuiteRunner.run(SuiteRunner.java:240)
	at org.testng.SuiteRunnerWorker.runSuite(SuiteRunnerWorker.java:52)
	at org.testng.SuiteRunnerWorker.run(SuiteRunnerWorker.java:86)
	at org.testng.TestNG.runSuitesSequentially(TestNG.java:1224)
	at org.testng.TestNG.runSuitesLocally(TestNG.java:1149)
	at org.testng.TestNG.run(TestNG.java:1057)
	at org.testng.remote.RemoteTestNG.run(RemoteTestNG.java:111)
	at org.testng.remote.RemoteTestNG.initAndRun(RemoteTestNG.java:204)
	at org.testng.remote.RemoteTestNG.main(RemoteTestNG.java:175)
</div></td></tr></table><p class="totop"><a href="#summary">back to summary</a></p><h3 id="m10">controller.UpdatingControllersTests#environmentTest</h3><table class="result"><tr class="param"><th>Parameter #1</th></tr><tr class="param stripe"><td>/ltsa/dist/examples/ControllerUpdate/Tests/UAV_test</td></tr><tr><th>Exception</th></tr><tr><td><div class="stacktrace">java.io.FileNotFoundException: /home/lnahabedian/mtsa-code/MTSATests/ltsa/dist/examples/ControllerUpdate/Tests/UAV_test_env.lts (No such file or directory)
	at java.io.FileInputStream.open(Native Method)
	at java.io.FileInputStream.&lt;init&gt;(FileInputStream.java:146)
	at ui.FileInput.&lt;init&gt;(FileInput.java:19)
	at ac.ic.doc.mtsa.MTSCompiler.compileCompositeState(MTSCompiler.java:37)
	at ac.ic.doc.mtsa.MTSCompiler.compileMTS(MTSCompiler.java:27)
	at controller.UpdatingControllersTests.environmentTest(UpdatingControllersTests.java:61)
	at sun.reflect.NativeMethodAccessorImpl.invoke0(Native Method)
	at sun.reflect.NativeMethodAccessorImpl.invoke(NativeMethodAccessorImpl.java:57)
	at sun.reflect.DelegatingMethodAccessorImpl.invoke(DelegatingMethodAccessorImpl.java:43)
	at java.lang.reflect.Method.invoke(Method.java:606)
	at org.testng.internal.MethodInvocationHelper.invokeMethod(MethodInvocationHelper.java:84)
	at org.testng.internal.Invoker.invokeMethod(Invoker.java:714)
	at org.testng.internal.Invoker.invokeTestMethod(Invoker.java:901)
	at org.testng.internal.Invoker.invokeTestMethods(Invoker.java:1231)
	at org.testng.internal.TestMethodWorker.invokeTestMethods(TestMethodWorker.java:127)
	at org.testng.internal.TestMethodWorker.run(TestMethodWorker.java:111)
	at org.testng.TestRunner.privateRun(TestRunner.java:767)
	at org.testng.TestRunner.run(TestRunner.java:617)
	at org.testng.SuiteRunner.runTest(SuiteRunner.java:334)
	at org.testng.SuiteRunner.runSequentially(SuiteRunner.java:329)
	at org.testng.SuiteRunner.privateRun(SuiteRunner.java:291)
	at org.testng.SuiteRunner.run(SuiteRunner.java:240)
	at org.testng.SuiteRunnerWorker.runSuite(SuiteRunnerWorker.java:52)
	at org.testng.SuiteRunnerWorker.run(SuiteRunnerWorker.java:86)
	at org.testng.TestNG.runSuitesSequentially(TestNG.java:1224)
	at org.testng.TestNG.runSuitesLocally(TestNG.java:1149)
	at org.testng.TestNG.run(TestNG.java:1057)
	at org.testng.remote.RemoteTestNG.run(RemoteTestNG.java:111)
	at org.testng.remote.RemoteTestNG.initAndRun(RemoteTestNG.java:204)
	at org.testng.remote.RemoteTestNG.main(RemoteTestNG.java:175)
</div></td></tr></table><p class="totop"><a href="#summary">back to summary</a></p><h3 id="m11">controller.UpdatingControllersTests#environmentTest</h3><table class="result"><tr class="param"><th>Parameter #1</th></tr><tr class="param stripe"><td>/ltsa/dist/examples/ControllerUpdate/Ghezzi/2015-FSE-PowerPlant-Ghezzi2013</td></tr><tr><th>Exception</th></tr><tr><td><div class="stacktrace">java.io.FileNotFoundException: /home/lnahabedian/mtsa-code/MTSATests/ltsa/dist/examples/ControllerUpdate/Ghezzi/2015-FSE-PowerPlant-Ghezzi2013_env.lts (No such file or directory)
	at java.io.FileInputStream.open(Native Method)
	at java.io.FileInputStream.&lt;init&gt;(FileInputStream.java:146)
	at ui.FileInput.&lt;init&gt;(FileInput.java:19)
	at ac.ic.doc.mtsa.MTSCompiler.compileCompositeState(MTSCompiler.java:37)
	at ac.ic.doc.mtsa.MTSCompiler.compileMTS(MTSCompiler.java:27)
	at controller.UpdatingControllersTests.environmentTest(UpdatingControllersTests.java:61)
	at sun.reflect.NativeMethodAccessorImpl.invoke0(Native Method)
	at sun.reflect.NativeMethodAccessorImpl.invoke(NativeMethodAccessorImpl.java:57)
	at sun.reflect.DelegatingMethodAccessorImpl.invoke(DelegatingMethodAccessorImpl.java:43)
	at java.lang.reflect.Method.invoke(Method.java:606)
	at org.testng.internal.MethodInvocationHelper.invokeMethod(MethodInvocationHelper.java:84)
	at org.testng.internal.Invoker.invokeMethod(Invoker.java:714)
	at org.testng.internal.Invoker.invokeTestMethod(Invoker.java:901)
	at org.testng.internal.Invoker.invokeTestMethods(Invoker.java:1231)
	at org.testng.internal.TestMethodWorker.invokeTestMethods(TestMethodWorker.java:127)
	at org.testng.internal.TestMethodWorker.run(TestMethodWorker.java:111)
	at org.testng.TestRunner.privateRun(TestRunner.java:767)
	at org.testng.TestRunner.run(TestRunner.java:617)
	at org.testng.SuiteRunner.runTest(SuiteRunner.java:334)
	at org.testng.SuiteRunner.runSequentially(SuiteRunner.java:329)
	at org.testng.SuiteRunner.privateRun(SuiteRunner.java:291)
	at org.testng.SuiteRunner.run(SuiteRunner.java:240)
	at org.testng.SuiteRunnerWorker.runSuite(SuiteRunnerWorker.java:52)
	at org.testng.SuiteRunnerWorker.run(SuiteRunnerWorker.java:86)
	at org.testng.TestNG.runSuitesSequentially(TestNG.java:1224)
	at org.testng.TestNG.runSuitesLocally(TestNG.java:1149)
	at org.testng.TestNG.run(TestNG.java:1057)
	at org.testng.remote.RemoteTestNG.run(RemoteTestNG.java:111)
	at org.testng.remote.RemoteTestNG.initAndRun(RemoteTestNG.java:204)
	at org.testng.remote.RemoteTestNG.main(RemoteTestNG.java:175)
</div></td></tr></table><p class="totop"><a href="#summary">back to summary</a></p><h3 id="m12">controller.UpdatingControllersTests#environmentTest</h3><table class="result"><tr class="param"><th>Parameter #1</th></tr><tr class="param stripe"><td>/ltsa/dist/examples/ControllerUpdate/Tests/removing_actions_test</td></tr><tr><th>Exception</th></tr><tr><td><div class="stacktrace">java.io.FileNotFoundException: /home/lnahabedian/mtsa-code/MTSATests/ltsa/dist/examples/ControllerUpdate/Tests/removing_actions_test_env.lts (No such file or directory)
	at java.io.FileInputStream.open(Native Method)
	at java.io.FileInputStream.&lt;init&gt;(FileInputStream.java:146)
	at ui.FileInput.&lt;init&gt;(FileInput.java:19)
	at ac.ic.doc.mtsa.MTSCompiler.compileCompositeState(MTSCompiler.java:37)
	at ac.ic.doc.mtsa.MTSCompiler.compileMTS(MTSCompiler.java:27)
	at controller.UpdatingControllersTests.environmentTest(UpdatingControllersTests.java:61)
	at sun.reflect.NativeMethodAccessorImpl.invoke0(Native Method)
	at sun.reflect.NativeMethodAccessorImpl.invoke(NativeMethodAccessorImpl.java:57)
	at sun.reflect.DelegatingMethodAccessorImpl.invoke(DelegatingMethodAccessorImpl.java:43)
	at java.lang.reflect.Method.invoke(Method.java:606)
	at org.testng.internal.MethodInvocationHelper.invokeMethod(MethodInvocationHelper.java:84)
	at org.testng.internal.Invoker.invokeMethod(Invoker.java:714)
	at org.testng.internal.Invoker.invokeTestMethod(Invoker.java:901)
	at org.testng.internal.Invoker.invokeTestMethods(Invoker.java:1231)
	at org.testng.internal.TestMethodWorker.invokeTestMethods(TestMethodWorker.java:127)
	at org.testng.internal.TestMethodWorker.run(TestMethodWorker.java:111)
	at org.testng.TestRunner.privateRun(TestRunner.java:767)
	at org.testng.TestRunner.run(TestRunner.java:617)
	at org.testng.SuiteRunner.runTest(SuiteRunner.java:334)
	at org.testng.SuiteRunner.runSequentially(SuiteRunner.java:329)
	at org.testng.SuiteRunner.privateRun(SuiteRunner.java:291)
	at org.testng.SuiteRunner.run(SuiteRunner.java:240)
	at org.testng.SuiteRunnerWorker.runSuite(SuiteRunnerWorker.java:52)
	at org.testng.SuiteRunnerWorker.run(SuiteRunnerWorker.java:86)
	at org.testng.TestNG.runSuitesSequentially(TestNG.java:1224)
	at org.testng.TestNG.runSuitesLocally(TestNG.java:1149)
	at org.testng.TestNG.run(TestNG.java:1057)
	at org.testng.remote.RemoteTestNG.run(RemoteTestNG.java:111)
	at org.testng.remote.RemoteTestNG.initAndRun(RemoteTestNG.java:204)
	at org.testng.remote.RemoteTestNG.main(RemoteTestNG.java:175)
</div></td></tr></table><p class="totop"><a href="#summary">back to summary</a></p><h3 id="m13">controller.UpdatingControllersTests#environmentTest</h3><table class="result"><tr class="param"><th>Parameter #1</th></tr><tr class="param stripe"><td>/ltsa/dist/examples/ControllerUpdate/Tests/adding_actions_test</td></tr><tr><th>Exception</th></tr><tr><td><div class="stacktrace">java.io.FileNotFoundException: /home/lnahabedian/mtsa-code/MTSATests/ltsa/dist/examples/ControllerUpdate/Tests/adding_actions_test_env.lts (No such file or directory)
	at java.io.FileInputStream.open(Native Method)
	at java.io.FileInputStream.&lt;init&gt;(FileInputStream.java:146)
	at ui.FileInput.&lt;init&gt;(FileInput.java:19)
	at ac.ic.doc.mtsa.MTSCompiler.compileCompositeState(MTSCompiler.java:37)
	at ac.ic.doc.mtsa.MTSCompiler.compileMTS(MTSCompiler.java:27)
	at controller.UpdatingControllersTests.environmentTest(UpdatingControllersTests.java:61)
	at sun.reflect.NativeMethodAccessorImpl.invoke0(Native Method)
	at sun.reflect.NativeMethodAccessorImpl.invoke(NativeMethodAccessorImpl.java:57)
	at sun.reflect.DelegatingMethodAccessorImpl.invoke(DelegatingMethodAccessorImpl.java:43)
	at java.lang.reflect.Method.invoke(Method.java:606)
	at org.testng.internal.MethodInvocationHelper.invokeMethod(MethodInvocationHelper.java:84)
	at org.testng.internal.Invoker.invokeMethod(Invoker.java:714)
	at org.testng.internal.Invoker.invokeTestMethod(Invoker.java:901)
	at org.testng.internal.Invoker.invokeTestMethods(Invoker.java:1231)
	at org.testng.internal.TestMethodWorker.invokeTestMethods(TestMethodWorker.java:127)
	at org.testng.internal.TestMethodWorker.run(TestMethodWorker.java:111)
	at org.testng.TestRunner.privateRun(TestRunner.java:767)
	at org.testng.TestRunner.run(TestRunner.java:617)
	at org.testng.SuiteRunner.runTest(SuiteRunner.java:334)
	at org.testng.SuiteRunner.runSequentially(SuiteRunner.java:329)
	at org.testng.SuiteRunner.privateRun(SuiteRunner.java:291)
	at org.testng.SuiteRunner.run(SuiteRunner.java:240)
	at org.testng.SuiteRunnerWorker.runSuite(SuiteRunnerWorker.java:52)
	at org.testng.SuiteRunnerWorker.run(SuiteRunnerWorker.java:86)
	at org.testng.TestNG.runSuitesSequentially(TestNG.java:1224)
	at org.testng.TestNG.runSuitesLocally(TestNG.java:1149)
	at org.testng.TestNG.run(TestNG.java:1057)
	at org.testng.remote.RemoteTestNG.run(RemoteTestNG.java:111)
	at org.testng.remote.RemoteTestNG.initAndRun(RemoteTestNG.java:204)
	at org.testng.remote.RemoteTestNG.main(RemoteTestNG.java:175)
</div></td></tr></table><p class="totop"><a href="#summary">back to summary</a></p><h3 id="m14">controller.UpdatingControllersTests#environmentTest</h3><table class="result"><tr class="param"><th>Parameter #1</th></tr><tr class="param stripe"><td>/ltsa/dist/examples/ControllerUpdate/2015-FSE-Workflow</td></tr><tr><th>Exception</th></tr><tr><td><div class="stacktrace">java.io.FileNotFoundException: /home/lnahabedian/mtsa-code/MTSATests/ltsa/dist/examples/ControllerUpdate/2015-FSE-Workflow_env.lts (No such file or directory)
	at java.io.FileInputStream.open(Native Method)
	at java.io.FileInputStream.&lt;init&gt;(FileInputStream.java:146)
	at ui.FileInput.&lt;init&gt;(FileInput.java:19)
	at ac.ic.doc.mtsa.MTSCompiler.compileCompositeState(MTSCompiler.java:37)
	at ac.ic.doc.mtsa.MTSCompiler.compileMTS(MTSCompiler.java:27)
	at controller.UpdatingControllersTests.environmentTest(UpdatingControllersTests.java:61)
	at sun.reflect.NativeMethodAccessorImpl.invoke0(Native Method)
	at sun.reflect.NativeMethodAccessorImpl.invoke(NativeMethodAccessorImpl.java:57)
	at sun.reflect.DelegatingMethodAccessorImpl.invoke(DelegatingMethodAccessorImpl.java:43)
	at java.lang.reflect.Method.invoke(Method.java:606)
	at org.testng.internal.MethodInvocationHelper.invokeMethod(MethodInvocationHelper.java:84)
	at org.testng.internal.Invoker.invokeMethod(Invoker.java:714)
	at org.testng.internal.Invoker.invokeTestMethod(Invoker.java:901)
	at org.testng.internal.Invoker.invokeTestMethods(Invoker.java:1231)
	at org.testng.internal.TestMethodWorker.invokeTestMethods(TestMethodWorker.java:127)
	at org.testng.internal.TestMethodWorker.run(TestMethodWorker.java:111)
	at org.testng.TestRunner.privateRun(TestRunner.java:767)
	at org.testng.TestRunner.run(TestRunner.java:617)
	at org.testng.SuiteRunner.runTest(SuiteRunner.java:334)
	at org.testng.SuiteRunner.runSequentially(SuiteRunner.java:329)
	at org.testng.SuiteRunner.privateRun(SuiteRunner.java:291)
	at org.testng.SuiteRunner.run(SuiteRunner.java:240)
	at org.testng.SuiteRunnerWorker.runSuite(SuiteRunnerWorker.java:52)
	at org.testng.SuiteRunnerWorker.run(SuiteRunnerWorker.java:86)
	at org.testng.TestNG.runSuitesSequentially(TestNG.java:1224)
	at org.testng.TestNG.runSuitesLocally(TestNG.java:1149)
	at org.testng.TestNG.run(TestNG.java:1057)
	at org.testng.remote.RemoteTestNG.run(RemoteTestNG.java:111)
	at org.testng.remote.RemoteTestNG.initAndRun(RemoteTestNG.java:204)
	at org.testng.remote.RemoteTestNG.main(RemoteTestNG.java:175)
</div></td></tr></table><p class="totop"><a href="#summary">back to summary</a></p><h3 id="m15">controller.UpdatingControllersTests#environmentTest</h3><table class="result"><tr class="param"><th>Parameter #1</th></tr><tr class="param stripe"><td>/ltsa/dist/examples/ControllerUpdate/2015-FSE-Wildlife</td></tr><tr><th>Exception</th></tr><tr><td><div class="stacktrace">java.io.FileNotFoundException: /home/lnahabedian/mtsa-code/MTSATests/ltsa/dist/examples/ControllerUpdate/2015-FSE-Wildlife_env.lts (No such file or directory)
	at java.io.FileInputStream.open(Native Method)
	at java.io.FileInputStream.&lt;init&gt;(FileInputStream.java:146)
	at ui.FileInput.&lt;init&gt;(FileInput.java:19)
	at ac.ic.doc.mtsa.MTSCompiler.compileCompositeState(MTSCompiler.java:37)
	at ac.ic.doc.mtsa.MTSCompiler.compileMTS(MTSCompiler.java:27)
	at controller.UpdatingControllersTests.environmentTest(UpdatingControllersTests.java:61)
	at sun.reflect.NativeMethodAccessorImpl.invoke0(Native Method)
	at sun.reflect.NativeMethodAccessorImpl.invoke(NativeMethodAccessorImpl.java:57)
	at sun.reflect.DelegatingMethodAccessorImpl.invoke(DelegatingMethodAccessorImpl.java:43)
	at java.lang.reflect.Method.invoke(Method.java:606)
	at org.testng.internal.MethodInvocationHelper.invokeMethod(MethodInvocationHelper.java:84)
	at org.testng.internal.Invoker.invokeMethod(Invoker.java:714)
	at org.testng.internal.Invoker.invokeTestMethod(Invoker.java:901)
	at org.testng.internal.Invoker.invokeTestMethods(Invoker.java:1231)
	at org.testng.internal.TestMethodWorker.invokeTestMethods(TestMethodWorker.java:127)
	at org.testng.internal.TestMethodWorker.run(TestMethodWorker.java:111)
	at org.testng.TestRunner.privateRun(TestRunner.java:767)
	at org.testng.TestRunner.run(TestRunner.java:617)
	at org.testng.SuiteRunner.runTest(SuiteRunner.java:334)
	at org.testng.SuiteRunner.runSequentially(SuiteRunner.java:329)
	at org.testng.SuiteRunner.privateRun(SuiteRunner.java:291)
	at org.testng.SuiteRunner.run(SuiteRunner.java:240)
	at org.testng.SuiteRunnerWorker.runSuite(SuiteRunnerWorker.java:52)
	at org.testng.SuiteRunnerWorker.run(SuiteRunnerWorker.java:86)
	at org.testng.TestNG.runSuitesSequentially(TestNG.java:1224)
	at org.testng.TestNG.runSuitesLocally(TestNG.java:1149)
	at org.testng.TestNG.run(TestNG.java:1057)
	at org.testng.remote.RemoteTestNG.run(RemoteTestNG.java:111)
	at org.testng.remote.RemoteTestNG.initAndRun(RemoteTestNG.java:204)
	at org.testng.remote.RemoteTestNG.main(RemoteTestNG.java:175)
</div></td></tr></table><p class="totop"><a href="#summary">back to summary</a></p><h3 id="m16">controller.UpdatingControllersTests#environmentTest</h3><table class="result"><tr class="param"><th>Parameter #1</th></tr><tr class="param stripe"><td>/ltsa/dist/examples/ControllerUpdate/Tests/productionCell_test</td></tr><tr><th>Exception</th></tr><tr><td><div class="stacktrace">java.io.FileNotFoundException: /home/lnahabedian/mtsa-code/MTSATests/ltsa/dist/examples/ControllerUpdate/Tests/productionCell_test_env.lts (No such file or directory)
	at java.io.FileInputStream.open(Native Method)
	at java.io.FileInputStream.&lt;init&gt;(FileInputStream.java:146)
	at ui.FileInput.&lt;init&gt;(FileInput.java:19)
	at ac.ic.doc.mtsa.MTSCompiler.compileCompositeState(MTSCompiler.java:37)
	at ac.ic.doc.mtsa.MTSCompiler.compileMTS(MTSCompiler.java:27)
	at controller.UpdatingControllersTests.environmentTest(UpdatingControllersTests.java:61)
	at sun.reflect.NativeMethodAccessorImpl.invoke0(Native Method)
	at sun.reflect.NativeMethodAccessorImpl.invoke(NativeMethodAccessorImpl.java:57)
	at sun.reflect.DelegatingMethodAccessorImpl.invoke(DelegatingMethodAccessorImpl.java:43)
	at java.lang.reflect.Method.invoke(Method.java:606)
	at org.testng.internal.MethodInvocationHelper.invokeMethod(MethodInvocationHelper.java:84)
	at org.testng.internal.Invoker.invokeMethod(Invoker.java:714)
	at org.testng.internal.Invoker.invokeTestMethod(Invoker.java:901)
	at org.testng.internal.Invoker.invokeTestMethods(Invoker.java:1231)
	at org.testng.internal.TestMethodWorker.invokeTestMethods(TestMethodWorker.java:127)
	at org.testng.internal.TestMethodWorker.run(TestMethodWorker.java:111)
	at org.testng.TestRunner.privateRun(TestRunner.java:767)
	at org.testng.TestRunner.run(TestRunner.java:617)
	at org.testng.SuiteRunner.runTest(SuiteRunner.java:334)
	at org.testng.SuiteRunner.runSequentially(SuiteRunner.java:329)
	at org.testng.SuiteRunner.privateRun(SuiteRunner.java:291)
	at org.testng.SuiteRunner.run(SuiteRunner.java:240)
	at org.testng.SuiteRunnerWorker.runSuite(SuiteRunnerWorker.java:52)
	at org.testng.SuiteRunnerWorker.run(SuiteRunnerWorker.java:86)
	at org.testng.TestNG.runSuitesSequentially(TestNG.java:1224)
	at org.testng.TestNG.runSuitesLocally(TestNG.java:1149)
	at org.testng.TestNG.run(TestNG.java:1057)
	at org.testng.remote.RemoteTestNG.run(RemoteTestNG.java:111)
	at org.testng.remote.RemoteTestNG.initAndRun(RemoteTestNG.java:204)
	at org.testng.remote.RemoteTestNG.main(RemoteTestNG.java:175)
</div></td></tr></table><p class="totop"><a href="#summary">back to summary</a></p><h3 id="m17">controller.UpdatingControllersTests#graphGenerator_producesCorrectGraph</h3><table class="result"><tr class="param"><th>Parameter #1</th></tr><tr class="param stripe"><td>/ltsa/dist/examples/ControllerUpdate/2015-Tokyo/colorBallsTransfer</td></tr><tr><th>Exception</th></tr><tr><td><div class="stacktrace">java.io.FileNotFoundException: /home/lnahabedian/mtsa-code/MTSATests/ltsa/dist/examples/ControllerUpdate/2015-Tokyo/colorBallsTransfer.lts (No such file or directory)
	at java.io.FileInputStream.open(Native Method)
	at java.io.FileInputStream.&lt;init&gt;(FileInputStream.java:146)
	at ui.FileInput.&lt;init&gt;(FileInput.java:19)
	at controller.UpdatingControllersTests.graphGenerator_producesCorrectGraph(UpdatingControllersTests.java:135)
	at sun.reflect.NativeMethodAccessorImpl.invoke0(Native Method)
	at sun.reflect.NativeMethodAccessorImpl.invoke(NativeMethodAccessorImpl.java:57)
	at sun.reflect.DelegatingMethodAccessorImpl.invoke(DelegatingMethodAccessorImpl.java:43)
	at java.lang.reflect.Method.invoke(Method.java:606)
	at org.testng.internal.MethodInvocationHelper.invokeMethod(MethodInvocationHelper.java:84)
	at org.testng.internal.Invoker.invokeMethod(Invoker.java:714)
	at org.testng.internal.Invoker.invokeTestMethod(Invoker.java:901)
	at org.testng.internal.Invoker.invokeTestMethods(Invoker.java:1231)
	at org.testng.internal.TestMethodWorker.invokeTestMethods(TestMethodWorker.java:127)
	at org.testng.internal.TestMethodWorker.run(TestMethodWorker.java:111)
	at org.testng.TestRunner.privateRun(TestRunner.java:767)
	at org.testng.TestRunner.run(TestRunner.java:617)
	at org.testng.SuiteRunner.runTest(SuiteRunner.java:334)
	at org.testng.SuiteRunner.runSequentially(SuiteRunner.java:329)
	at org.testng.SuiteRunner.privateRun(SuiteRunner.java:291)
	at org.testng.SuiteRunner.run(SuiteRunner.java:240)
	at org.testng.SuiteRunnerWorker.runSuite(SuiteRunnerWorker.java:52)
	at org.testng.SuiteRunnerWorker.run(SuiteRunnerWorker.java:86)
	at org.testng.TestNG.runSuitesSequentially(TestNG.java:1224)
	at org.testng.TestNG.runSuitesLocally(TestNG.java:1149)
	at org.testng.TestNG.run(TestNG.java:1057)
	at org.testng.remote.RemoteTestNG.run(RemoteTestNG.java:111)
	at org.testng.remote.RemoteTestNG.initAndRun(RemoteTestNG.java:204)
	at org.testng.remote.RemoteTestNG.main(RemoteTestNG.java:175)
</div></td></tr></table><p class="totop"><a href="#summary">back to summary</a></p></body></html>